<?xml version="1.0" encoding="UTF-8"?>
<!-- Generated by org.testng.reporters.JUnitXMLReporter -->
<testsuite hostname="lkf-PC" name="Command line test" tests="2" failures="1" timestamp="16 Jan 2019 08:48:13 GMT" time="1.959" errors="0">
  <testcase name="test0" time="1.583" classname="parameter.TestService"/>
  <testcase name="test1" time="0.299" classname="parameter.TestService">
    <failure type="java.lang.AssertionError" message="expected [true] but found [false]">
      <![CDATA[java.lang.AssertionError: expected [true] but found [false]
	at parameter.TestService.test1(TestService.java:45)
	at parameter.maintest.main(maintest.java:12)
... Removed 25 stack frames]]>
    </failure>
  </testcase> <!-- test1 -->
</testsuite> <!-- Command line test -->
